Case #1: 0 2
Case #2: 1 0
Case #3: 3 2
Case #4: 1 1
Case #5: 4 1
Case #6: 2 2
Case #7: 3 3
Case #8: 5 6
Case #9: 2 10
Case #10: 0 44
Case #11: 20 39
Case #12: 16 31
Case #13: 89 11
Case #14: 3 11
Case #15: 21 0
Case #16: 6 10
Case #17: 14 0
Case #18: 0 11
Case #19: 6 10
Case #20: 5 3
Case #21: 4 6
Case #22: 7 8
Case #23: 50 50
Case #24: 44 45
Case #25: 27 37
Case #26: 27 26
Case #27: 16 29
Case #28: 10 34
Case #29: 17 22
Case #30: 10 26
Case #31: 6 26
Case #32: 8 27
Case #33: 8 27
Case #34: 9 27
Case #35: 9 28
Case #36: 6 33
Case #37: 8 35
Case #38: 5 37
Case #39: 9 45
Case #40: 9 42
Case #41: 11 41
Case #42: 6 43
Case #43: 18 36
Case #44: 15 44
Case #45: 18 43
Case #46: 13 41
Case #47: 11 46
Case #48: 15 44
Case #49: 10 48
Case #50: 11 48
Case #51: 6 51
Case #52: 9 55
Case #53: 11 56
Case #54: 7 55
Case #55: 10 59
Case #56: 7 62
Case #57: 9 68
Case #58: 9 66
Case #59: 8 74
Case #60: 13 76
Case #61: 8 83
Case #62: 17 80
Case #63: 50 49
Case #64: 29 30
Case #65: 21 19
Case #66: 21 10
Case #67: 17 10
Case #68: 23 24
Case #69: 24 14
Case #70: 18 18
Case #71: 16 10
Case #72: 13 14
Case #73: 13 12
Case #74: 14 13
Case #75: 14 13
Case #76: 12 12
Case #77: 11 14
Case #78: 10 10
Case #79: 11 6
Case #80: 11 6
Case #81: 10 8
Case #82: 8 7
Case #83: 3 2
Case #84: 2 1
Case #85: 3 2
Case #86: 2 3
Case #87: 3 2
Case #88: 2 2
Case #89: 3 2
Case #90: 3 2
Case #91: 1 2
Case #92: 1 2
Case #93: 2 1
Case #94: 4 1
Case #95: 3 1
Case #96: 1 2
Case #97: 4 2
Case #98: 2 3
Case #99: 2 2
Case #100: 15 13
